2022-04-10 16:29:39.342  INFO 16372 --- [restartedMain] com.lt.health.PersonalHealthApplication  : Starting PersonalHealthApplication using Java 1.8.0_301 on LAPTOP-CV4IFMGA with PID 16372 (D:\javaProject2\myJava\personalHealth\target\classes started by 腾腾 in D:\javaProject2\myJava\personalHealth)
2022-04-10 16:29:39.353  INFO 16372 --- [restartedMain] com.lt.health.PersonalHealthApplication  : The following profiles are active: dev
2022-04-10 16:29:39.471  INFO 16372 --- [restartedMain] o.s.b.devtools.restart.ChangeableUrls    : The Class-Path manifest attribute in D:\Program Files\my_java\maven_repository\com\sun\xml\bind\jaxb-core\2.3.0\jaxb-core-2.3.0.jar referenced one or more files that do not exist: file:/D:/Program%20Files/my_java/maven_repository/com/sun/xml/bind/jaxb-core/2.3.0/jaxb-api.jar
2022-04-10 16:29:39.472  INFO 16372 --- [restartedMain] o.s.b.devtools.restart.ChangeableUrls    : The Class-Path manifest attribute in D:\Program Files\my_java\maven_repository\com\sun\xml\bind\jaxb-impl\2.3.0\jaxb-impl-2.3.0.jar referenced one or more files that do not exist: file:/D:/Program%20Files/my_java/maven_repository/com/sun/xml/bind/jaxb-impl/2.3.0/jaxb-core.jar
2022-04-10 16:29:39.473  INFO 16372 --- [restartedMain] .e.DevToolsPropertyDefaultsPostProcessor : Devtools property defaults active! Set 'spring.devtools.add-properties' to 'false' to disable
2022-04-10 16:29:39.473  INFO 16372 --- [restartedMain] .e.DevToolsPropertyDefaultsPostProcessor : For additional web related logging consider setting the 'logging.level.web' property to 'DEBUG'
2022-04-10 16:29:41.209  INFO 16372 --- [restartedMain] .s.d.r.c.RepositoryConfigurationDelegate : Multiple Spring Data modules found, entering strict repository configuration mode!
2022-04-10 16:29:41.213  INFO 16372 --- [restartedMain] .s.d.r.c.RepositoryConfigurationDelegate : Bootstrapping Spring Data Redis repositories in DEFAULT mode.
2022-04-10 16:29:41.306  INFO 16372 --- [restartedMain] .s.d.r.c.RepositoryConfigurationDelegate : Finished Spring Data repository scanning in 52 ms. Found 0 Redis repository interfaces.
2022-04-10 16:29:43.737  INFO 16372 --- [restartedMain] trationDelegate$BeanPostProcessorChecker : Bean 'org.springframework.security.access.expression.method.DefaultMethodSecurityExpressionHandler@6f57a7e9' of type [org.springframework.security.access.expression.method.DefaultMethodSecurityExpressionHandler] is not eligible for getting processed by all BeanPostProcessors (for example: not eligible for auto-proxying)
2022-04-10 16:29:43.750  INFO 16372 --- [restartedMain] trationDelegate$BeanPostProcessorChecker : Bean 'methodSecurityMetadataSource' of type [org.springframework.security.access.method.DelegatingMethodSecurityMetadataSource] is not eligible for getting processed by all BeanPostProcessors (for example: not eligible for auto-proxying)
2022-04-10 16:29:44.802  INFO 16372 --- [restartedMain] o.s.b.w.embedded.tomcat.TomcatWebServer  : Tomcat initialized with port(s): 8000 (http)
2022-04-10 16:29:44.814  INFO 16372 --- [restartedMain] o.apache.catalina.core.StandardService   : Starting service [Tomcat]
2022-04-10 16:29:44.814  INFO 16372 --- [restartedMain] org.apache.catalina.core.StandardEngine  : Starting Servlet engine: [Apache Tomcat/9.0.48]
2022-04-10 16:29:44.943  INFO 16372 --- [restartedMain] o.a.c.c.C.[Tomcat].[localhost].[/]       : Initializing Spring embedded WebApplicationContext
2022-04-10 16:29:44.943  INFO 16372 --- [restartedMain] w.s.c.ServletWebServerApplicationContext : Root WebApplicationContext: initialization completed in 5468 ms
2022-04-10 16:29:45.591  WARN 16372 --- [restartedMain] c.b.m.core.injector.DefaultSqlInjector   : class com.lt.health.entity.RolesMenus ,Not found @TableId annotation, Cannot use Mybatis-Plus 'xxById' Method.
2022-04-10 16:29:45.610  WARN 16372 --- [restartedMain] c.b.m.core.injector.DefaultSqlInjector   : class com.lt.health.entity.RolesPermissions ,Not found @TableId annotation, Cannot use Mybatis-Plus 'xxById' Method.
2022-04-10 16:29:45.677  WARN 16372 --- [restartedMain] c.b.m.core.injector.DefaultSqlInjector   : class com.lt.health.entity.UserRoles ,Not found @TableId annotation, Cannot use Mybatis-Plus 'xxById' Method.
2022-04-10 16:29:45.693  WARN 16372 --- [restartedMain] c.b.m.core.injector.DefaultSqlInjector   : class com.lt.health.entity.WxRun ,Not found @TableId annotation, Cannot use Mybatis-Plus 'xxById' Method.
2022-04-10 16:29:49.406  INFO 16372 --- [restartedMain] pertySourcedRequestMappingHandlerMapping : Mapped URL path [/v2/api-docs] onto method [springfox.documentation.swagger2.web.Swagger2Controller#getDocumentation(String, HttpServletRequest)]
2022-04-10 16:29:49.683  INFO 16372 --- [restartedMain] o.s.s.web.DefaultSecurityFilterChain     : Will secure Mvc [pattern='/user/login'] with []
2022-04-10 16:29:49.683  INFO 16372 --- [restartedMain] o.s.s.web.DefaultSecurityFilterChain     : Will secure Mvc [pattern='/user/logout'] with []
2022-04-10 16:29:49.683  INFO 16372 --- [restartedMain] o.s.s.web.DefaultSecurityFilterChain     : Will secure Mvc [pattern='/oauth/**'] with []
2022-04-10 16:29:49.683  INFO 16372 --- [restartedMain] o.s.s.web.DefaultSecurityFilterChain     : Will secure Mvc [pattern='/favicon.ico'] with []
2022-04-10 16:29:49.683  INFO 16372 --- [restartedMain] o.s.s.web.DefaultSecurityFilterChain     : Will secure Mvc [pattern='/swagger-ui.html'] with []
2022-04-10 16:29:49.683  INFO 16372 --- [restartedMain] o.s.s.web.DefaultSecurityFilterChain     : Will secure Mvc [pattern='/doc.html'] with []
2022-04-10 16:29:49.683  INFO 16372 --- [restartedMain] o.s.s.web.DefaultSecurityFilterChain     : Will secure Mvc [pattern='/webjars/**'] with []
2022-04-10 16:29:49.683  INFO 16372 --- [restartedMain] o.s.s.web.DefaultSecurityFilterChain     : Will secure Mvc [pattern='/swagger-resources/**'] with []
2022-04-10 16:29:49.683  INFO 16372 --- [restartedMain] o.s.s.web.DefaultSecurityFilterChain     : Will secure Mvc [pattern='/v2/**'] with []
2022-04-10 16:29:49.683  INFO 16372 --- [restartedMain] o.s.s.web.DefaultSecurityFilterChain     : Will secure Mvc [pattern='/configuration/ui'] with []
2022-04-10 16:29:49.683  INFO 16372 --- [restartedMain] o.s.s.web.DefaultSecurityFilterChain     : Will secure Mvc [pattern='/configuration/security'] with []
2022-04-10 16:29:49.683  INFO 16372 --- [restartedMain] o.s.s.web.DefaultSecurityFilterChain     : Will secure Mvc [pattern='/tool/forget/password'] with []
2022-04-10 16:29:49.684  INFO 16372 --- [restartedMain] o.s.s.web.DefaultSecurityFilterChain     : Will secure Mvc [pattern='/tool/sms'] with []
2022-04-10 16:29:49.684  INFO 16372 --- [restartedMain] o.s.s.web.DefaultSecurityFilterChain     : Will secure Mvc [pattern='/user/sms/login'] with []
2022-04-10 16:29:49.684  INFO 16372 --- [restartedMain] o.s.s.web.DefaultSecurityFilterChain     : Will secure Mvc [pattern='/goods/batchExport'] with []
2022-04-10 16:29:49.684  INFO 16372 --- [restartedMain] o.s.s.web.DefaultSecurityFilterChain     : Will secure Mvc [pattern='/mini/login'] with []
2022-04-10 16:29:49.722  INFO 16372 --- [restartedMain] o.s.s.web.DefaultSecurityFilterChain     : Will secure any request with [org.springframework.security.web.context.request.async.WebAsyncManagerIntegrationFilter@2b686c9b, org.springframework.security.web.context.SecurityContextPersistenceFilter@113fd7be, org.springframework.security.web.header.HeaderWriterFilter@1a15ceeb, org.springframework.security.web.authentication.logout.LogoutFilter@5419e4e6, com.lt.health.config.security.filter.JwtAuthenticationFilter@633773cf, org.springframework.security.web.savedrequest.RequestCacheAwareFilter@6e0dc9a5, org.springframework.security.web.servletapi.SecurityContextHolderAwareRequestFilter@7e020739, org.springframework.security.web.authentication.AnonymousAuthenticationFilter@17a97566, org.springframework.security.web.session.SessionManagementFilter@18ee2f41, org.springframework.security.web.access.ExceptionTranslationFilter@1f23a907, org.springframework.security.web.access.intercept.FilterSecurityInterceptor@274606f8]
2022-04-10 16:29:49.839  INFO 16372 --- [restartedMain] o.s.b.d.a.OptionalLiveReloadServer       : LiveReload server is running on port 35729
2022-04-10 16:29:51.204  INFO 16372 --- [restartedMain] o.s.b.w.embedded.tomcat.TomcatWebServer  : Tomcat started on port(s): 8000 (http) with context path ''
2022-04-10 16:29:51.206  INFO 16372 --- [restartedMain] d.s.w.p.DocumentationPluginsBootstrapper : Context refreshed
2022-04-10 16:29:51.224  INFO 16372 --- [restartedMain] d.s.w.p.DocumentationPluginsBootstrapper : Found 1 custom documentation plugin(s)
2022-04-10 16:29:51.662  INFO 16372 --- [restartedMain] s.d.s.w.s.ApiListingReferenceScanner     : Scanning for api listing references
2022-04-10 16:29:52.090  INFO 16372 --- [restartedMain] .d.s.w.r.o.CachingOperationNameGenerator : Generating unique operation named: batchImportUsingPOST_1
2022-04-10 16:29:52.094  INFO 16372 --- [restartedMain] .d.s.w.r.o.CachingOperationNameGenerator : Generating unique operation named: deleteUsingDELETE_1
2022-04-10 16:29:52.101  INFO 16372 --- [restartedMain] .d.s.w.r.o.CachingOperationNameGenerator : Generating unique operation named: findPageUsingPOST_1
2022-04-10 16:29:52.117  INFO 16372 --- [restartedMain] .d.s.w.r.o.CachingOperationNameGenerator : Generating unique operation named: insertUsingPOST_1
2022-04-10 16:29:52.136  INFO 16372 --- [restartedMain] .d.s.w.r.o.CachingOperationNameGenerator : Generating unique operation named: deleteUsingDELETE_2
2022-04-10 16:29:52.139  INFO 16372 --- [restartedMain] .d.s.w.r.o.CachingOperationNameGenerator : Generating unique operation named: findPageUsingPOST_2
2022-04-10 16:29:52.151  INFO 16372 --- [restartedMain] .d.s.w.r.o.CachingOperationNameGenerator : Generating unique operation named: insertUsingPOST_2
2022-04-10 16:29:52.156  INFO 16372 --- [restartedMain] .d.s.w.r.o.CachingOperationNameGenerator : Generating unique operation named: updateUsingPUT_1
2022-04-10 16:29:52.206  INFO 16372 --- [restartedMain] .d.s.w.r.o.CachingOperationNameGenerator : Generating unique operation named: deleteUsingDELETE_3
2022-04-10 16:29:52.212  INFO 16372 --- [restartedMain] .d.s.w.r.o.CachingOperationNameGenerator : Generating unique operation named: findInfoUsingGET_1
2022-04-10 16:29:52.216  INFO 16372 --- [restartedMain] .d.s.w.r.o.CachingOperationNameGenerator : Generating unique operation named: findPageUsingPOST_3
2022-04-10 16:29:52.219  INFO 16372 --- [restartedMain] .d.s.w.r.o.CachingOperationNameGenerator : Generating unique operation named: deleteUsingDELETE_4
2022-04-10 16:29:52.221  INFO 16372 --- [restartedMain] .d.s.w.r.o.CachingOperationNameGenerator : Generating unique operation named: findAllUsingGET_1
2022-04-10 16:29:52.224  INFO 16372 --- [restartedMain] .d.s.w.r.o.CachingOperationNameGenerator : Generating unique operation named: findPageUsingPOST_4
2022-04-10 16:29:52.228  INFO 16372 --- [restartedMain] .d.s.w.r.o.CachingOperationNameGenerator : Generating unique operation named: insertUsingPOST_3
2022-04-10 16:29:52.230  INFO 16372 --- [restartedMain] .d.s.w.r.o.CachingOperationNameGenerator : Generating unique operation named: updateUsingPUT_2
2022-04-10 16:29:52.236  INFO 16372 --- [restartedMain] .d.s.w.r.o.CachingOperationNameGenerator : Generating unique operation named: deleteUsingDELETE_5
2022-04-10 16:29:52.237  INFO 16372 --- [restartedMain] .d.s.w.r.o.CachingOperationNameGenerator : Generating unique operation named: findAllUsingGET_2
2022-04-10 16:29:52.240  INFO 16372 --- [restartedMain] .d.s.w.r.o.CachingOperationNameGenerator : Generating unique operation named: findPageUsingPOST_5
2022-04-10 16:29:52.245  INFO 16372 --- [restartedMain] .d.s.w.r.o.CachingOperationNameGenerator : Generating unique operation named: insertUsingPOST_4
2022-04-10 16:29:52.247  INFO 16372 --- [restartedMain] .d.s.w.r.o.CachingOperationNameGenerator : Generating unique operation named: updateUsingPUT_3
2022-04-10 16:29:52.252  INFO 16372 --- [restartedMain] .d.s.w.r.o.CachingOperationNameGenerator : Generating unique operation named: deleteUsingDELETE_6
2022-04-10 16:29:52.254  INFO 16372 --- [restartedMain] .d.s.w.r.o.CachingOperationNameGenerator : Generating unique operation named: findPageUsingPOST_6
2022-04-10 16:29:52.263  INFO 16372 --- [restartedMain] .d.s.w.r.o.CachingOperationNameGenerator : Generating unique operation named: insertUsingPOST_5
2022-04-10 16:29:52.266  INFO 16372 --- [restartedMain] .d.s.w.r.o.CachingOperationNameGenerator : Generating unique operation named: updateUsingPUT_4
2022-04-10 16:29:52.303  INFO 16372 --- [restartedMain] .d.s.w.r.o.CachingOperationNameGenerator : Generating unique operation named: deleteUsingDELETE_7
2022-04-10 16:29:52.305  INFO 16372 --- [restartedMain] .d.s.w.r.o.CachingOperationNameGenerator : Generating unique operation named: findPageUsingPOST_7
2022-04-10 16:29:52.308  INFO 16372 --- [restartedMain] .d.s.w.r.o.CachingOperationNameGenerator : Generating unique operation named: insertUsingPOST_6
2022-04-10 16:29:52.315  INFO 16372 --- [restartedMain] .d.s.w.r.o.CachingOperationNameGenerator : Generating unique operation named: updateUsingPUT_5
2022-04-10 16:29:52.342  INFO 16372 --- [restartedMain] com.lt.health.PersonalHealthApplication  : Started PersonalHealthApplication in 13.846 seconds (JVM running for 16.078)
2022-04-10 16:30:38.527  INFO 19856 --- [restartedMain] com.lt.health.PersonalHealthApplication  : Starting PersonalHealthApplication using Java 1.8.0_301 on LAPTOP-CV4IFMGA with PID 19856 (D:\javaProject2\myJava\personalHealth\target\classes started by 腾腾 in D:\javaProject2\myJava\personalHealth)
2022-04-10 16:30:38.531  INFO 19856 --- [restartedMain] com.lt.health.PersonalHealthApplication  : The following profiles are active: dev
2022-04-10 16:30:38.624  INFO 19856 --- [restartedMain] o.s.b.devtools.restart.ChangeableUrls    : The Class-Path manifest attribute in D:\Program Files\my_java\maven_repository\com\sun\xml\bind\jaxb-core\2.3.0\jaxb-core-2.3.0.jar referenced one or more files that do not exist: file:/D:/Program%20Files/my_java/maven_repository/com/sun/xml/bind/jaxb-core/2.3.0/jaxb-api.jar
2022-04-10 16:30:38.625  INFO 19856 --- [restartedMain] o.s.b.devtools.restart.ChangeableUrls    : The Class-Path manifest attribute in D:\Program Files\my_java\maven_repository\com\sun\xml\bind\jaxb-impl\2.3.0\jaxb-impl-2.3.0.jar referenced one or more files that do not exist: file:/D:/Program%20Files/my_java/maven_repository/com/sun/xml/bind/jaxb-impl/2.3.0/jaxb-core.jar
2022-04-10 16:30:38.625  INFO 19856 --- [restartedMain] .e.DevToolsPropertyDefaultsPostProcessor : Devtools property defaults active! Set 'spring.devtools.add-properties' to 'false' to disable
2022-04-10 16:30:38.625  INFO 19856 --- [restartedMain] .e.DevToolsPropertyDefaultsPostProcessor : For additional web related logging consider setting the 'logging.level.web' property to 'DEBUG'
2022-04-10 16:30:40.378  INFO 19856 --- [restartedMain] .s.d.r.c.RepositoryConfigurationDelegate : Multiple Spring Data modules found, entering strict repository configuration mode!
2022-04-10 16:30:40.382  INFO 19856 --- [restartedMain] .s.d.r.c.RepositoryConfigurationDelegate : Bootstrapping Spring Data Redis repositories in DEFAULT mode.
2022-04-10 16:30:40.449  INFO 19856 --- [restartedMain] .s.d.r.c.RepositoryConfigurationDelegate : Finished Spring Data repository scanning in 40 ms. Found 0 Redis repository interfaces.
2022-04-10 16:30:41.322  INFO 19856 --- [restartedMain] trationDelegate$BeanPostProcessorChecker : Bean 'org.springframework.security.access.expression.method.DefaultMethodSecurityExpressionHandler@404e4f62' of type [org.springframework.security.access.expression.method.DefaultMethodSecurityExpressionHandler] is not eligible for getting processed by all BeanPostProcessors (for example: not eligible for auto-proxying)
2022-04-10 16:30:41.332  INFO 19856 --- [restartedMain] trationDelegate$BeanPostProcessorChecker : Bean 'methodSecurityMetadataSource' of type [org.springframework.security.access.method.DelegatingMethodSecurityMetadataSource] is not eligible for getting processed by all BeanPostProcessors (for example: not eligible for auto-proxying)
2022-04-10 16:30:42.231  INFO 19856 --- [restartedMain] o.s.b.w.embedded.tomcat.TomcatWebServer  : Tomcat initialized with port(s): 8000 (http)
2022-04-10 16:30:42.251  INFO 19856 --- [restartedMain] o.apache.catalina.core.StandardService   : Starting service [Tomcat]
2022-04-10 16:30:42.251  INFO 19856 --- [restartedMain] org.apache.catalina.core.StandardEngine  : Starting Servlet engine: [Apache Tomcat/9.0.48]
2022-04-10 16:30:42.396  INFO 19856 --- [restartedMain] o.a.c.c.C.[Tomcat].[localhost].[/]       : Initializing Spring embedded WebApplicationContext
2022-04-10 16:30:42.396  INFO 19856 --- [restartedMain] w.s.c.ServletWebServerApplicationContext : Root WebApplicationContext: initialization completed in 3770 ms
2022-04-10 16:30:43.307  WARN 19856 --- [restartedMain] c.b.m.core.injector.DefaultSqlInjector   : class com.lt.health.entity.RolesMenus ,Not found @TableId annotation, Cannot use Mybatis-Plus 'xxById' Method.
2022-04-10 16:30:43.337  WARN 19856 --- [restartedMain] c.b.m.core.injector.DefaultSqlInjector   : class com.lt.health.entity.RolesPermissions ,Not found @TableId annotation, Cannot use Mybatis-Plus 'xxById' Method.
2022-04-10 16:30:43.433  WARN 19856 --- [restartedMain] c.b.m.core.injector.DefaultSqlInjector   : class com.lt.health.entity.UserRoles ,Not found @TableId annotation, Cannot use Mybatis-Plus 'xxById' Method.
2022-04-10 16:30:43.458  WARN 19856 --- [restartedMain] c.b.m.core.injector.DefaultSqlInjector   : class com.lt.health.entity.WxRun ,Not found @TableId annotation, Cannot use Mybatis-Plus 'xxById' Method.
2022-04-10 16:30:47.010  INFO 19856 --- [restartedMain] pertySourcedRequestMappingHandlerMapping : Mapped URL path [/v2/api-docs] onto method [springfox.documentation.swagger2.web.Swagger2Controller#getDocumentation(String, HttpServletRequest)]
2022-04-10 16:30:47.344  INFO 19856 --- [restartedMain] o.s.s.web.DefaultSecurityFilterChain     : Will secure Mvc [pattern='/user/login'] with []
2022-04-10 16:30:47.344  INFO 19856 --- [restartedMain] o.s.s.web.DefaultSecurityFilterChain     : Will secure Mvc [pattern='/user/logout'] with []
2022-04-10 16:30:47.345  INFO 19856 --- [restartedMain] o.s.s.web.DefaultSecurityFilterChain     : Will secure Mvc [pattern='/oauth/**'] with []
2022-04-10 16:30:47.345  INFO 19856 --- [restartedMain] o.s.s.web.DefaultSecurityFilterChain     : Will secure Mvc [pattern='/favicon.ico'] with []
2022-04-10 16:30:47.345  INFO 19856 --- [restartedMain] o.s.s.web.DefaultSecurityFilterChain     : Will secure Mvc [pattern='/swagger-ui.html'] with []
2022-04-10 16:30:47.345  INFO 19856 --- [restartedMain] o.s.s.web.DefaultSecurityFilterChain     : Will secure Mvc [pattern='/doc.html'] with []
2022-04-10 16:30:47.345  INFO 19856 --- [restartedMain] o.s.s.web.DefaultSecurityFilterChain     : Will secure Mvc [pattern='/webjars/**'] with []
2022-04-10 16:30:47.345  INFO 19856 --- [restartedMain] o.s.s.web.DefaultSecurityFilterChain     : Will secure Mvc [pattern='/swagger-resources/**'] with []
2022-04-10 16:30:47.345  INFO 19856 --- [restartedMain] o.s.s.web.DefaultSecurityFilterChain     : Will secure Mvc [pattern='/v2/**'] with []
2022-04-10 16:30:47.345  INFO 19856 --- [restartedMain] o.s.s.web.DefaultSecurityFilterChain     : Will secure Mvc [pattern='/configuration/ui'] with []
2022-04-10 16:30:47.345  INFO 19856 --- [restartedMain] o.s.s.web.DefaultSecurityFilterChain     : Will secure Mvc [pattern='/configuration/security'] with []
2022-04-10 16:30:47.345  INFO 19856 --- [restartedMain] o.s.s.web.DefaultSecurityFilterChain     : Will secure Mvc [pattern='/tool/forget/password'] with []
2022-04-10 16:30:47.345  INFO 19856 --- [restartedMain] o.s.s.web.DefaultSecurityFilterChain     : Will secure Mvc [pattern='/tool/sms'] with []
2022-04-10 16:30:47.346  INFO 19856 --- [restartedMain] o.s.s.web.DefaultSecurityFilterChain     : Will secure Mvc [pattern='/user/sms/login'] with []
2022-04-10 16:30:47.346  INFO 19856 --- [restartedMain] o.s.s.web.DefaultSecurityFilterChain     : Will secure Mvc [pattern='/goods/batchExport'] with []
2022-04-10 16:30:47.346  INFO 19856 --- [restartedMain] o.s.s.web.DefaultSecurityFilterChain     : Will secure Mvc [pattern='/mini/login'] with []
2022-04-10 16:30:47.389  INFO 19856 --- [restartedMain] o.s.s.web.DefaultSecurityFilterChain     : Will secure any request with [org.springframework.security.web.context.request.async.WebAsyncManagerIntegrationFilter@4faf39b7, org.springframework.security.web.context.SecurityContextPersistenceFilter@d0e2e9b, org.springframework.security.web.header.HeaderWriterFilter@17d90dae, org.springframework.security.web.authentication.logout.LogoutFilter@7fc86155, com.lt.health.config.security.filter.JwtAuthenticationFilter@16c3b0ac, org.springframework.security.web.savedrequest.RequestCacheAwareFilter@3ef6725e, org.springframework.security.web.servletapi.SecurityContextHolderAwareRequestFilter@5be05546, org.springframework.security.web.authentication.AnonymousAuthenticationFilter@778933ba, org.springframework.security.web.session.SessionManagementFilter@461bc1f, org.springframework.security.web.access.ExceptionTranslationFilter@39ad1756, org.springframework.security.web.access.intercept.FilterSecurityInterceptor@622c097a]
2022-04-10 16:30:47.523  INFO 19856 --- [restartedMain] o.s.b.d.a.OptionalLiveReloadServer       : LiveReload server is running on port 35729
2022-04-10 16:30:49.152  INFO 19856 --- [restartedMain] o.s.b.w.embedded.tomcat.TomcatWebServer  : Tomcat started on port(s): 8000 (http) with context path ''
2022-04-10 16:30:49.155  INFO 19856 --- [restartedMain] d.s.w.p.DocumentationPluginsBootstrapper : Context refreshed
2022-04-10 16:30:49.211  INFO 19856 --- [restartedMain] d.s.w.p.DocumentationPluginsBootstrapper : Found 1 custom documentation plugin(s)
2022-04-10 16:30:49.497  INFO 19856 --- [restartedMain] s.d.s.w.s.ApiListingReferenceScanner     : Scanning for api listing references
2022-04-10 16:30:49.729  INFO 19856 --- [restartedMain] .d.s.w.r.o.CachingOperationNameGenerator : Generating unique operation named: batchImportUsingPOST_1
2022-04-10 16:30:49.732  INFO 19856 --- [restartedMain] .d.s.w.r.o.CachingOperationNameGenerator : Generating unique operation named: deleteUsingDELETE_1
2022-04-10 16:30:49.737  INFO 19856 --- [restartedMain] .d.s.w.r.o.CachingOperationNameGenerator : Generating unique operation named: findPageUsingPOST_1
2022-04-10 16:30:49.747  INFO 19856 --- [restartedMain] .d.s.w.r.o.CachingOperationNameGenerator : Generating unique operation named: insertUsingPOST_1
2022-04-10 16:30:49.755  INFO 19856 --- [restartedMain] .d.s.w.r.o.CachingOperationNameGenerator : Generating unique operation named: deleteUsingDELETE_2
2022-04-10 16:30:49.758  INFO 19856 --- [restartedMain] .d.s.w.r.o.CachingOperationNameGenerator : Generating unique operation named: findPageUsingPOST_2
2022-04-10 16:30:49.765  INFO 19856 --- [restartedMain] .d.s.w.r.o.CachingOperationNameGenerator : Generating unique operation named: insertUsingPOST_2
2022-04-10 16:30:49.767  INFO 19856 --- [restartedMain] .d.s.w.r.o.CachingOperationNameGenerator : Generating unique operation named: updateUsingPUT_1
2022-04-10 16:30:49.801  INFO 19856 --- [restartedMain] .d.s.w.r.o.CachingOperationNameGenerator : Generating unique operation named: deleteUsingDELETE_3
2022-04-10 16:30:49.804  INFO 19856 --- [restartedMain] .d.s.w.r.o.CachingOperationNameGenerator : Generating unique operation named: findInfoUsingGET_1
2022-04-10 16:30:49.806  INFO 19856 --- [restartedMain] .d.s.w.r.o.CachingOperationNameGenerator : Generating unique operation named: findPageUsingPOST_3
2022-04-10 16:30:49.808  INFO 19856 --- [restartedMain] .d.s.w.r.o.CachingOperationNameGenerator : Generating unique operation named: deleteUsingDELETE_4
2022-04-10 16:30:49.810  INFO 19856 --- [restartedMain] .d.s.w.r.o.CachingOperationNameGenerator : Generating unique operation named: findAllUsingGET_1
2022-04-10 16:30:49.811  INFO 19856 --- [restartedMain] .d.s.w.r.o.CachingOperationNameGenerator : Generating unique operation named: findPageUsingPOST_4
2022-04-10 16:30:49.813  INFO 19856 --- [restartedMain] .d.s.w.r.o.CachingOperationNameGenerator : Generating unique operation named: insertUsingPOST_3
2022-04-10 16:30:49.814  INFO 19856 --- [restartedMain] .d.s.w.r.o.CachingOperationNameGenerator : Generating unique operation named: updateUsingPUT_2
2022-04-10 16:30:49.816  INFO 19856 --- [restartedMain] .d.s.w.r.o.CachingOperationNameGenerator : Generating unique operation named: deleteUsingDELETE_5
2022-04-10 16:30:49.816  INFO 19856 --- [restartedMain] .d.s.w.r.o.CachingOperationNameGenerator : Generating unique operation named: findAllUsingGET_2
2022-04-10 16:30:49.819  INFO 19856 --- [restartedMain] .d.s.w.r.o.CachingOperationNameGenerator : Generating unique operation named: findPageUsingPOST_5
2022-04-10 16:30:49.821  INFO 19856 --- [restartedMain] .d.s.w.r.o.CachingOperationNameGenerator : Generating unique operation named: insertUsingPOST_4
2022-04-10 16:30:49.822  INFO 19856 --- [restartedMain] .d.s.w.r.o.CachingOperationNameGenerator : Generating unique operation named: updateUsingPUT_3
2022-04-10 16:30:49.826  INFO 19856 --- [restartedMain] .d.s.w.r.o.CachingOperationNameGenerator : Generating unique operation named: deleteUsingDELETE_6
2022-04-10 16:30:49.829  INFO 19856 --- [restartedMain] .d.s.w.r.o.CachingOperationNameGenerator : Generating unique operation named: findPageUsingPOST_6
2022-04-10 16:30:49.835  INFO 19856 --- [restartedMain] .d.s.w.r.o.CachingOperationNameGenerator : Generating unique operation named: insertUsingPOST_5
2022-04-10 16:30:49.838  INFO 19856 --- [restartedMain] .d.s.w.r.o.CachingOperationNameGenerator : Generating unique operation named: updateUsingPUT_4
2022-04-10 16:30:49.908  INFO 19856 --- [restartedMain] .d.s.w.r.o.CachingOperationNameGenerator : Generating unique operation named: deleteUsingDELETE_7
2022-04-10 16:30:49.910  INFO 19856 --- [restartedMain] .d.s.w.r.o.CachingOperationNameGenerator : Generating unique operation named: findPageUsingPOST_7
2022-04-10 16:30:49.914  INFO 19856 --- [restartedMain] .d.s.w.r.o.CachingOperationNameGenerator : Generating unique operation named: insertUsingPOST_6
2022-04-10 16:30:49.923  INFO 19856 --- [restartedMain] .d.s.w.r.o.CachingOperationNameGenerator : Generating unique operation named: updateUsingPUT_5
2022-04-10 16:30:49.968  INFO 19856 --- [restartedMain] com.lt.health.PersonalHealthApplication  : Started PersonalHealthApplication in 12.524 seconds (JVM running for 15.277)
2022-04-10 16:32:03.258  INFO 19856 --- [http-nio-8000-exec-1] o.a.c.c.C.[Tomcat].[localhost].[/]       : Initializing Spring DispatcherServlet 'dispatcherServlet'
2022-04-10 16:32:03.258  INFO 19856 --- [http-nio-8000-exec-1] o.s.web.servlet.DispatcherServlet        : Initializing Servlet 'dispatcherServlet'
2022-04-10 16:32:03.260  INFO 19856 --- [http-nio-8000-exec-1] o.s.web.servlet.DispatcherServlet        : Completed initialization in 2 ms
2022-04-10 16:32:05.220  INFO 19856 --- [http-nio-8000-exec-1] com.zaxxer.hikari.HikariDataSource       : HikariPool-1 - Starting...
2022-04-10 16:32:05.399  INFO 19856 --- [http-nio-8000-exec-1] com.zaxxer.hikari.HikariDataSource       : HikariPool-1 - Start completed.
2022-04-10 16:32:05.700 ERROR 19856 --- [http-nio-8000-exec-1] com.lt.health.exception.GlobalException  : 系统运行时异常--->Invalid value 'com.ruoyi.framework.config.KaptchaTextCreator' for config parameter 'kaptcha.textproducer.impl'.
2022-04-10 16:32:05.745  WARN 19856 --- [http-nio-8000-exec-1] .m.m.a.ExceptionHandlerExceptionResolver : Resolved [com.google.code.kaptcha.util.ConfigException: Invalid value 'com.ruoyi.framework.config.KaptchaTextCreator' for config parameter 'kaptcha.textproducer.impl'.]
2022-04-10 16:37:42.669  INFO 19856 --- [SpringApplicationShutdownHook] com.zaxxer.hikari.HikariDataSource       : HikariPool-1 - Shutdown initiated...
2022-04-10 16:37:42.708  INFO 19856 --- [SpringApplicationShutdownHook] com.zaxxer.hikari.HikariDataSource       : HikariPool-1 - Shutdown completed.
2022-04-10 16:37:51.471  INFO 18104 --- [restartedMain] com.lt.health.PersonalHealthApplication  : Starting PersonalHealthApplication using Java 1.8.0_301 on LAPTOP-CV4IFMGA with PID 18104 (D:\javaProject2\myJava\personalHealth\target\classes started by 腾腾 in D:\javaProject2\myJava\personalHealth)
2022-04-10 16:37:51.474  INFO 18104 --- [restartedMain] com.lt.health.PersonalHealthApplication  : The following profiles are active: dev
2022-04-10 16:37:51.533  INFO 18104 --- [restartedMain] o.s.b.devtools.restart.ChangeableUrls    : The Class-Path manifest attribute in D:\Program Files\my_java\maven_repository\com\sun\xml\bind\jaxb-core\2.3.0\jaxb-core-2.3.0.jar referenced one or more files that do not exist: file:/D:/Program%20Files/my_java/maven_repository/com/sun/xml/bind/jaxb-core/2.3.0/jaxb-api.jar
2022-04-10 16:37:51.533  INFO 18104 --- [restartedMain] o.s.b.devtools.restart.ChangeableUrls    : The Class-Path manifest attribute in D:\Program Files\my_java\maven_repository\com\sun\xml\bind\jaxb-impl\2.3.0\jaxb-impl-2.3.0.jar referenced one or more files that do not exist: file:/D:/Program%20Files/my_java/maven_repository/com/sun/xml/bind/jaxb-impl/2.3.0/jaxb-core.jar
2022-04-10 16:37:51.533  INFO 18104 --- [restartedMain] .e.DevToolsPropertyDefaultsPostProcessor : Devtools property defaults active! Set 'spring.devtools.add-properties' to 'false' to disable
2022-04-10 16:37:51.533  INFO 18104 --- [restartedMain] .e.DevToolsPropertyDefaultsPostProcessor : For additional web related logging consider setting the 'logging.level.web' property to 'DEBUG'
2022-04-10 16:37:52.853  INFO 18104 --- [restartedMain] .s.d.r.c.RepositoryConfigurationDelegate : Multiple Spring Data modules found, entering strict repository configuration mode!
2022-04-10 16:37:52.856  INFO 18104 --- [restartedMain] .s.d.r.c.RepositoryConfigurationDelegate : Bootstrapping Spring Data Redis repositories in DEFAULT mode.
2022-04-10 16:37:52.910  INFO 18104 --- [restartedMain] .s.d.r.c.RepositoryConfigurationDelegate : Finished Spring Data repository scanning in 34 ms. Found 0 Redis repository interfaces.
2022-04-10 16:37:54.012  INFO 18104 --- [restartedMain] trationDelegate$BeanPostProcessorChecker : Bean 'org.springframework.security.access.expression.method.DefaultMethodSecurityExpressionHandler@389f0dbd' of type [org.springframework.security.access.expression.method.DefaultMethodSecurityExpressionHandler] is not eligible for getting processed by all BeanPostProcessors (for example: not eligible for auto-proxying)
2022-04-10 16:37:54.044  INFO 18104 --- [restartedMain] trationDelegate$BeanPostProcessorChecker : Bean 'methodSecurityMetadataSource' of type [org.springframework.security.access.method.DelegatingMethodSecurityMetadataSource] is not eligible for getting processed by all BeanPostProcessors (for example: not eligible for auto-proxying)
2022-04-10 16:37:56.150  INFO 18104 --- [restartedMain] o.s.b.w.embedded.tomcat.TomcatWebServer  : Tomcat initialized with port(s): 8000 (http)
2022-04-10 16:37:56.164  INFO 18104 --- [restartedMain] o.apache.catalina.core.StandardService   : Starting service [Tomcat]
2022-04-10 16:37:56.164  INFO 18104 --- [restartedMain] org.apache.catalina.core.StandardEngine  : Starting Servlet engine: [Apache Tomcat/9.0.48]
2022-04-10 16:37:56.391  INFO 18104 --- [restartedMain] o.a.c.c.C.[Tomcat].[localhost].[/]       : Initializing Spring embedded WebApplicationContext
2022-04-10 16:37:56.391  INFO 18104 --- [restartedMain] w.s.c.ServletWebServerApplicationContext : Root WebApplicationContext: initialization completed in 4857 ms
2022-04-10 16:37:57.013  WARN 18104 --- [restartedMain] c.b.m.core.injector.DefaultSqlInjector   : class com.lt.health.entity.RolesMenus ,Not found @TableId annotation, Cannot use Mybatis-Plus 'xxById' Method.
2022-04-10 16:37:57.030  WARN 18104 --- [restartedMain] c.b.m.core.injector.DefaultSqlInjector   : class com.lt.health.entity.RolesPermissions ,Not found @TableId annotation, Cannot use Mybatis-Plus 'xxById' Method.
2022-04-10 16:37:57.094  WARN 18104 --- [restartedMain] c.b.m.core.injector.DefaultSqlInjector   : class com.lt.health.entity.UserRoles ,Not found @TableId annotation, Cannot use Mybatis-Plus 'xxById' Method.
2022-04-10 16:37:57.116  WARN 18104 --- [restartedMain] c.b.m.core.injector.DefaultSqlInjector   : class com.lt.health.entity.WxRun ,Not found @TableId annotation, Cannot use Mybatis-Plus 'xxById' Method.
2022-04-10 16:38:00.423  INFO 18104 --- [restartedMain] pertySourcedRequestMappingHandlerMapping : Mapped URL path [/v2/api-docs] onto method [springfox.documentation.swagger2.web.Swagger2Controller#getDocumentation(String, HttpServletRequest)]
2022-04-10 16:38:00.712  INFO 18104 --- [restartedMain] o.s.s.web.DefaultSecurityFilterChain     : Will secure Mvc [pattern='/user/login'] with []
2022-04-10 16:38:00.712  INFO 18104 --- [restartedMain] o.s.s.web.DefaultSecurityFilterChain     : Will secure Mvc [pattern='/user/logout'] with []
2022-04-10 16:38:00.712  INFO 18104 --- [restartedMain] o.s.s.web.DefaultSecurityFilterChain     : Will secure Mvc [pattern='/oauth/**'] with []
2022-04-10 16:38:00.712  INFO 18104 --- [restartedMain] o.s.s.web.DefaultSecurityFilterChain     : Will secure Mvc [pattern='/favicon.ico'] with []
2022-04-10 16:38:00.712  INFO 18104 --- [restartedMain] o.s.s.web.DefaultSecurityFilterChain     : Will secure Mvc [pattern='/swagger-ui.html'] with []
2022-04-10 16:38:00.712  INFO 18104 --- [restartedMain] o.s.s.web.DefaultSecurityFilterChain     : Will secure Mvc [pattern='/doc.html'] with []
2022-04-10 16:38:00.712  INFO 18104 --- [restartedMain] o.s.s.web.DefaultSecurityFilterChain     : Will secure Mvc [pattern='/webjars/**'] with []
2022-04-10 16:38:00.712  INFO 18104 --- [restartedMain] o.s.s.web.DefaultSecurityFilterChain     : Will secure Mvc [pattern='/swagger-resources/**'] with []
2022-04-10 16:38:00.712  INFO 18104 --- [restartedMain] o.s.s.web.DefaultSecurityFilterChain     : Will secure Mvc [pattern='/v2/**'] with []
2022-04-10 16:38:00.712  INFO 18104 --- [restartedMain] o.s.s.web.DefaultSecurityFilterChain     : Will secure Mvc [pattern='/configuration/ui'] with []
2022-04-10 16:38:00.712  INFO 18104 --- [restartedMain] o.s.s.web.DefaultSecurityFilterChain     : Will secure Mvc [pattern='/configuration/security'] with []
2022-04-10 16:38:00.712  INFO 18104 --- [restartedMain] o.s.s.web.DefaultSecurityFilterChain     : Will secure Mvc [pattern='/tool/forget/password'] with []
2022-04-10 16:38:00.713  INFO 18104 --- [restartedMain] o.s.s.web.DefaultSecurityFilterChain     : Will secure Mvc [pattern='/tool/sms'] with []
2022-04-10 16:38:00.713  INFO 18104 --- [restartedMain] o.s.s.web.DefaultSecurityFilterChain     : Will secure Mvc [pattern='/user/sms/login'] with []
2022-04-10 16:38:00.713  INFO 18104 --- [restartedMain] o.s.s.web.DefaultSecurityFilterChain     : Will secure Mvc [pattern='/goods/batchExport'] with []
2022-04-10 16:38:00.713  INFO 18104 --- [restartedMain] o.s.s.web.DefaultSecurityFilterChain     : Will secure Mvc [pattern='/mini/login'] with []
2022-04-10 16:38:00.755  INFO 18104 --- [restartedMain] o.s.s.web.DefaultSecurityFilterChain     : Will secure any request with [org.springframework.security.web.context.request.async.WebAsyncManagerIntegrationFilter@6050b61b, org.springframework.security.web.context.SecurityContextPersistenceFilter@5f547681, org.springframework.security.web.header.HeaderWriterFilter@715ddf23, org.springframework.security.web.authentication.logout.LogoutFilter@85b2524, com.lt.health.config.security.filter.JwtAuthenticationFilter@45dfa751, org.springframework.security.web.savedrequest.RequestCacheAwareFilter@3eb131b9, org.springframework.security.web.servletapi.SecurityContextHolderAwareRequestFilter@71ff9b7a, org.springframework.security.web.authentication.AnonymousAuthenticationFilter@152d1f3f, org.springframework.security.web.session.SessionManagementFilter@340b724a, org.springframework.security.web.access.ExceptionTranslationFilter@51a3c491, org.springframework.security.web.access.intercept.FilterSecurityInterceptor@2f37c079]
2022-04-10 16:38:00.884  INFO 18104 --- [restartedMain] o.s.b.d.a.OptionalLiveReloadServer       : LiveReload server is running on port 35729
2022-04-10 16:38:02.073  INFO 18104 --- [restartedMain] o.s.b.w.embedded.tomcat.TomcatWebServer  : Tomcat started on port(s): 8000 (http) with context path ''
2022-04-10 16:38:02.074  INFO 18104 --- [restartedMain] d.s.w.p.DocumentationPluginsBootstrapper : Context refreshed
2022-04-10 16:38:02.125  INFO 18104 --- [restartedMain] d.s.w.p.DocumentationPluginsBootstrapper : Found 1 custom documentation plugin(s)
2022-04-10 16:38:02.431  INFO 18104 --- [restartedMain] s.d.s.w.s.ApiListingReferenceScanner     : Scanning for api listing references
2022-04-10 16:38:02.589  INFO 18104 --- [restartedMain] .d.s.w.r.o.CachingOperationNameGenerator : Generating unique operation named: batchImportUsingPOST_1
2022-04-10 16:38:02.590  INFO 18104 --- [restartedMain] .d.s.w.r.o.CachingOperationNameGenerator : Generating unique operation named: deleteUsingDELETE_1
2022-04-10 16:38:02.594  INFO 18104 --- [restartedMain] .d.s.w.r.o.CachingOperationNameGenerator : Generating unique operation named: findPageUsingPOST_1
2022-04-10 16:38:02.601  INFO 18104 --- [restartedMain] .d.s.w.r.o.CachingOperationNameGenerator : Generating unique operation named: insertUsingPOST_1
2022-04-10 16:38:02.608  INFO 18104 --- [restartedMain] .d.s.w.r.o.CachingOperationNameGenerator : Generating unique operation named: deleteUsingDELETE_2
2022-04-10 16:38:02.610  INFO 18104 --- [restartedMain] .d.s.w.r.o.CachingOperationNameGenerator : Generating unique operation named: findPageUsingPOST_2
2022-04-10 16:38:02.615  INFO 18104 --- [restartedMain] .d.s.w.r.o.CachingOperationNameGenerator : Generating unique operation named: insertUsingPOST_2
2022-04-10 16:38:02.617  INFO 18104 --- [restartedMain] .d.s.w.r.o.CachingOperationNameGenerator : Generating unique operation named: updateUsingPUT_1
2022-04-10 16:38:02.640  INFO 18104 --- [restartedMain] .d.s.w.r.o.CachingOperationNameGenerator : Generating unique operation named: deleteUsingDELETE_3
2022-04-10 16:38:02.644  INFO 18104 --- [restartedMain] .d.s.w.r.o.CachingOperationNameGenerator : Generating unique operation named: findInfoUsingGET_1
2022-04-10 16:38:02.646  INFO 18104 --- [restartedMain] .d.s.w.r.o.CachingOperationNameGenerator : Generating unique operation named: findPageUsingPOST_3
2022-04-10 16:38:02.648  INFO 18104 --- [restartedMain] .d.s.w.r.o.CachingOperationNameGenerator : Generating unique operation named: deleteUsingDELETE_4
2022-04-10 16:38:02.650  INFO 18104 --- [restartedMain] .d.s.w.r.o.CachingOperationNameGenerator : Generating unique operation named: findAllUsingGET_1
2022-04-10 16:38:02.651  INFO 18104 --- [restartedMain] .d.s.w.r.o.CachingOperationNameGenerator : Generating unique operation named: findPageUsingPOST_4
2022-04-10 16:38:02.653  INFO 18104 --- [restartedMain] .d.s.w.r.o.CachingOperationNameGenerator : Generating unique operation named: insertUsingPOST_3
2022-04-10 16:38:02.654  INFO 18104 --- [restartedMain] .d.s.w.r.o.CachingOperationNameGenerator : Generating unique operation named: updateUsingPUT_2
2022-04-10 16:38:02.657  INFO 18104 --- [restartedMain] .d.s.w.r.o.CachingOperationNameGenerator : Generating unique operation named: deleteUsingDELETE_5
2022-04-10 16:38:02.658  INFO 18104 --- [restartedMain] .d.s.w.r.o.CachingOperationNameGenerator : Generating unique operation named: findAllUsingGET_2
2022-04-10 16:38:02.660  INFO 18104 --- [restartedMain] .d.s.w.r.o.CachingOperationNameGenerator : Generating unique operation named: findPageUsingPOST_5
2022-04-10 16:38:02.662  INFO 18104 --- [restartedMain] .d.s.w.r.o.CachingOperationNameGenerator : Generating unique operation named: insertUsingPOST_4
2022-04-10 16:38:02.664  INFO 18104 --- [restartedMain] .d.s.w.r.o.CachingOperationNameGenerator : Generating unique operation named: updateUsingPUT_3
2022-04-10 16:38:02.668  INFO 18104 --- [restartedMain] .d.s.w.r.o.CachingOperationNameGenerator : Generating unique operation named: deleteUsingDELETE_6
2022-04-10 16:38:02.670  INFO 18104 --- [restartedMain] .d.s.w.r.o.CachingOperationNameGenerator : Generating unique operation named: findPageUsingPOST_6
2022-04-10 16:38:02.678  INFO 18104 --- [restartedMain] .d.s.w.r.o.CachingOperationNameGenerator : Generating unique operation named: insertUsingPOST_5
2022-04-10 16:38:02.680  INFO 18104 --- [restartedMain] .d.s.w.r.o.CachingOperationNameGenerator : Generating unique operation named: updateUsingPUT_4
2022-04-10 16:38:02.716  INFO 18104 --- [restartedMain] .d.s.w.r.o.CachingOperationNameGenerator : Generating unique operation named: deleteUsingDELETE_7
2022-04-10 16:38:02.718  INFO 18104 --- [restartedMain] .d.s.w.r.o.CachingOperationNameGenerator : Generating unique operation named: findPageUsingPOST_7
2022-04-10 16:38:02.721  INFO 18104 --- [restartedMain] .d.s.w.r.o.CachingOperationNameGenerator : Generating unique operation named: insertUsingPOST_6
2022-04-10 16:38:02.727  INFO 18104 --- [restartedMain] .d.s.w.r.o.CachingOperationNameGenerator : Generating unique operation named: updateUsingPUT_5
2022-04-10 16:38:02.748  INFO 18104 --- [restartedMain] com.lt.health.PersonalHealthApplication  : Started PersonalHealthApplication in 11.95 seconds (JVM running for 13.975)
2022-04-10 16:38:08.008  INFO 18104 --- [http-nio-8000-exec-1] o.a.c.c.C.[Tomcat].[localhost].[/]       : Initializing Spring DispatcherServlet 'dispatcherServlet'
2022-04-10 16:38:08.008  INFO 18104 --- [http-nio-8000-exec-1] o.s.web.servlet.DispatcherServlet        : Initializing Servlet 'dispatcherServlet'
2022-04-10 16:38:08.010  INFO 18104 --- [http-nio-8000-exec-1] o.s.web.servlet.DispatcherServlet        : Completed initialization in 2 ms
2022-04-10 16:38:09.975  INFO 18104 --- [http-nio-8000-exec-1] com.zaxxer.hikari.HikariDataSource       : HikariPool-1 - Starting...
2022-04-10 16:38:10.132  INFO 18104 --- [http-nio-8000-exec-1] com.zaxxer.hikari.HikariDataSource       : HikariPool-1 - Start completed.
2022-04-10 16:39:34.764  INFO 18104 --- [SpringApplicationShutdownHook] com.zaxxer.hikari.HikariDataSource       : HikariPool-1 - Shutdown initiated...
2022-04-10 16:39:34.797  INFO 18104 --- [SpringApplicationShutdownHook] com.zaxxer.hikari.HikariDataSource       : HikariPool-1 - Shutdown completed.
2022-04-10 16:39:46.388  INFO 17840 --- [restartedMain] com.lt.health.PersonalHealthApplication  : Starting PersonalHealthApplication using Java 1.8.0_301 on LAPTOP-CV4IFMGA with PID 17840 (D:\javaProject2\myJava\personalHealth\target\classes started by 腾腾 in D:\javaProject2\myJava\personalHealth)
2022-04-10 16:39:46.393  INFO 17840 --- [restartedMain] com.lt.health.PersonalHealthApplication  : The following profiles are active: dev
2022-04-10 16:39:46.477  INFO 17840 --- [restartedMain] o.s.b.devtools.restart.ChangeableUrls    : The Class-Path manifest attribute in D:\Program Files\my_java\maven_repository\com\sun\xml\bind\jaxb-core\2.3.0\jaxb-core-2.3.0.jar referenced one or more files that do not exist: file:/D:/Program%20Files/my_java/maven_repository/com/sun/xml/bind/jaxb-core/2.3.0/jaxb-api.jar
2022-04-10 16:39:46.477  INFO 17840 --- [restartedMain] o.s.b.devtools.restart.ChangeableUrls    : The Class-Path manifest attribute in D:\Program Files\my_java\maven_repository\com\sun\xml\bind\jaxb-impl\2.3.0\jaxb-impl-2.3.0.jar referenced one or more files that do not exist: file:/D:/Program%20Files/my_java/maven_repository/com/sun/xml/bind/jaxb-impl/2.3.0/jaxb-core.jar
2022-04-10 16:39:46.477  INFO 17840 --- [restartedMain] .e.DevToolsPropertyDefaultsPostProcessor : Devtools property defaults active! Set 'spring.devtools.add-properties' to 'false' to disable
2022-04-10 16:39:46.477  INFO 17840 --- [restartedMain] .e.DevToolsPropertyDefaultsPostProcessor : For additional web related logging consider setting the 'logging.level.web' property to 'DEBUG'
2022-04-10 16:39:48.445  INFO 17840 --- [restartedMain] .s.d.r.c.RepositoryConfigurationDelegate : Multiple Spring Data modules found, entering strict repository configuration mode!
2022-04-10 16:39:48.448  INFO 17840 --- [restartedMain] .s.d.r.c.RepositoryConfigurationDelegate : Bootstrapping Spring Data Redis repositories in DEFAULT mode.
2022-04-10 16:39:48.487  INFO 17840 --- [restartedMain] .s.d.r.c.RepositoryConfigurationDelegate : Finished Spring Data repository scanning in 22 ms. Found 0 Redis repository interfaces.
2022-04-10 16:39:48.976  INFO 17840 --- [restartedMain] trationDelegate$BeanPostProcessorChecker : Bean 'org.springframework.security.access.expression.method.DefaultMethodSecurityExpressionHandler@34848880' of type [org.springframework.security.access.expression.method.DefaultMethodSecurityExpressionHandler] is not eligible for getting processed by all BeanPostProcessors (for example: not eligible for auto-proxying)
2022-04-10 16:39:48.984  INFO 17840 --- [restartedMain] trationDelegate$BeanPostProcessorChecker : Bean 'methodSecurityMetadataSource' of type [org.springframework.security.access.method.DelegatingMethodSecurityMetadataSource] is not eligible for getting processed by all BeanPostProcessors (for example: not eligible for auto-proxying)
2022-04-10 16:39:49.546  INFO 17840 --- [restartedMain] o.s.b.w.embedded.tomcat.TomcatWebServer  : Tomcat initialized with port(s): 8000 (http)
2022-04-10 16:39:49.554  INFO 17840 --- [restartedMain] o.apache.catalina.core.StandardService   : Starting service [Tomcat]
2022-04-10 16:39:49.555  INFO 17840 --- [restartedMain] org.apache.catalina.core.StandardEngine  : Starting Servlet engine: [Apache Tomcat/9.0.48]
2022-04-10 16:39:49.733  INFO 17840 --- [restartedMain] o.a.c.c.C.[Tomcat].[localhost].[/]       : Initializing Spring embedded WebApplicationContext
2022-04-10 16:39:49.733  INFO 17840 --- [restartedMain] w.s.c.ServletWebServerApplicationContext : Root WebApplicationContext: initialization completed in 3255 ms
2022-04-10 16:39:50.272  WARN 17840 --- [restartedMain] c.b.m.core.injector.DefaultSqlInjector   : class com.lt.health.entity.RolesMenus ,Not found @TableId annotation, Cannot use Mybatis-Plus 'xxById' Method.
2022-04-10 16:39:50.291  WARN 17840 --- [restartedMain] c.b.m.core.injector.DefaultSqlInjector   : class com.lt.health.entity.RolesPermissions ,Not found @TableId annotation, Cannot use Mybatis-Plus 'xxById' Method.
2022-04-10 16:39:50.365  WARN 17840 --- [restartedMain] c.b.m.core.injector.DefaultSqlInjector   : class com.lt.health.entity.UserRoles ,Not found @TableId annotation, Cannot use Mybatis-Plus 'xxById' Method.
2022-04-10 16:39:50.379  WARN 17840 --- [restartedMain] c.b.m.core.injector.DefaultSqlInjector   : class com.lt.health.entity.WxRun ,Not found @TableId annotation, Cannot use Mybatis-Plus 'xxById' Method.
2022-04-10 16:39:53.258  INFO 17840 --- [restartedMain] pertySourcedRequestMappingHandlerMapping : Mapped URL path [/v2/api-docs] onto method [springfox.documentation.swagger2.web.Swagger2Controller#getDocumentation(String, HttpServletRequest)]
2022-04-10 16:39:53.543  INFO 17840 --- [restartedMain] o.s.s.web.DefaultSecurityFilterChain     : Will secure Mvc [pattern='/user/login'] with []
2022-04-10 16:39:53.543  INFO 17840 --- [restartedMain] o.s.s.web.DefaultSecurityFilterChain     : Will secure Mvc [pattern='/user/logout'] with []
2022-04-10 16:39:53.543  INFO 17840 --- [restartedMain] o.s.s.web.DefaultSecurityFilterChain     : Will secure Mvc [pattern='/oauth/**'] with []
2022-04-10 16:39:53.543  INFO 17840 --- [restartedMain] o.s.s.web.DefaultSecurityFilterChain     : Will secure Mvc [pattern='/favicon.ico'] with []
2022-04-10 16:39:53.543  INFO 17840 --- [restartedMain] o.s.s.web.DefaultSecurityFilterChain     : Will secure Mvc [pattern='/swagger-ui.html'] with []
2022-04-10 16:39:53.544  INFO 17840 --- [restartedMain] o.s.s.web.DefaultSecurityFilterChain     : Will secure Mvc [pattern='/doc.html'] with []
2022-04-10 16:39:53.544  INFO 17840 --- [restartedMain] o.s.s.web.DefaultSecurityFilterChain     : Will secure Mvc [pattern='/webjars/**'] with []
2022-04-10 16:39:53.544  INFO 17840 --- [restartedMain] o.s.s.web.DefaultSecurityFilterChain     : Will secure Mvc [pattern='/swagger-resources/**'] with []
2022-04-10 16:39:53.544  INFO 17840 --- [restartedMain] o.s.s.web.DefaultSecurityFilterChain     : Will secure Mvc [pattern='/v2/**'] with []
2022-04-10 16:39:53.544  INFO 17840 --- [restartedMain] o.s.s.web.DefaultSecurityFilterChain     : Will secure Mvc [pattern='/configuration/ui'] with []
2022-04-10 16:39:53.544  INFO 17840 --- [restartedMain] o.s.s.web.DefaultSecurityFilterChain     : Will secure Mvc [pattern='/configuration/security'] with []
2022-04-10 16:39:53.544  INFO 17840 --- [restartedMain] o.s.s.web.DefaultSecurityFilterChain     : Will secure Mvc [pattern='/tool/forget/password'] with []
2022-04-10 16:39:53.544  INFO 17840 --- [restartedMain] o.s.s.web.DefaultSecurityFilterChain     : Will secure Mvc [pattern='/tool/sms'] with []
2022-04-10 16:39:53.544  INFO 17840 --- [restartedMain] o.s.s.web.DefaultSecurityFilterChain     : Will secure Mvc [pattern='/user/sms/login'] with []
2022-04-10 16:39:53.544  INFO 17840 --- [restartedMain] o.s.s.web.DefaultSecurityFilterChain     : Will secure Mvc [pattern='/goods/batchExport'] with []
2022-04-10 16:39:53.544  INFO 17840 --- [restartedMain] o.s.s.web.DefaultSecurityFilterChain     : Will secure Mvc [pattern='/mini/login'] with []
2022-04-10 16:39:53.581  INFO 17840 --- [restartedMain] o.s.s.web.DefaultSecurityFilterChain     : Will secure any request with [org.springframework.security.web.context.request.async.WebAsyncManagerIntegrationFilter@19d1fef, org.springframework.security.web.context.SecurityContextPersistenceFilter@37f5753e, org.springframework.security.web.header.HeaderWriterFilter@68568c5c, org.springframework.security.web.authentication.logout.LogoutFilter@4ba07ac, com.lt.health.config.security.filter.JwtAuthenticationFilter@53fe4d3e, org.springframework.security.web.savedrequest.RequestCacheAwareFilter@3f510cae, org.springframework.security.web.servletapi.SecurityContextHolderAwareRequestFilter@144f12fe, org.springframework.security.web.authentication.AnonymousAuthenticationFilter@51ba8694, org.springframework.security.web.session.SessionManagementFilter@1bf656d, org.springframework.security.web.access.ExceptionTranslationFilter@17fc4bc8, org.springframework.security.web.access.intercept.FilterSecurityInterceptor@339e30e0]
2022-04-10 16:39:53.717  INFO 17840 --- [restartedMain] o.s.b.d.a.OptionalLiveReloadServer       : LiveReload server is running on port 35729
2022-04-10 16:39:55.321  INFO 17840 --- [restartedMain] o.s.b.w.embedded.tomcat.TomcatWebServer  : Tomcat started on port(s): 8000 (http) with context path ''
2022-04-10 16:39:55.323  INFO 17840 --- [restartedMain] d.s.w.p.DocumentationPluginsBootstrapper : Context refreshed
2022-04-10 16:39:55.558  INFO 17840 --- [restartedMain] d.s.w.p.DocumentationPluginsBootstrapper : Found 1 custom documentation plugin(s)
2022-04-10 16:39:55.590  INFO 17840 --- [restartedMain] s.d.s.w.s.ApiListingReferenceScanner     : Scanning for api listing references
2022-04-10 16:39:55.743  INFO 17840 --- [restartedMain] .d.s.w.r.o.CachingOperationNameGenerator : Generating unique operation named: batchImportUsingPOST_1
2022-04-10 16:39:55.744  INFO 17840 --- [restartedMain] .d.s.w.r.o.CachingOperationNameGenerator : Generating unique operation named: deleteUsingDELETE_1
2022-04-10 16:39:55.748  INFO 17840 --- [restartedMain] .d.s.w.r.o.CachingOperationNameGenerator : Generating unique operation named: findPageUsingPOST_1
2022-04-10 16:39:55.755  INFO 17840 --- [restartedMain] .d.s.w.r.o.CachingOperationNameGenerator : Generating unique operation named: insertUsingPOST_1
2022-04-10 16:39:55.760  INFO 17840 --- [restartedMain] .d.s.w.r.o.CachingOperationNameGenerator : Generating unique operation named: deleteUsingDELETE_2
2022-04-10 16:39:55.761  INFO 17840 --- [restartedMain] .d.s.w.r.o.CachingOperationNameGenerator : Generating unique operation named: findPageUsingPOST_2
2022-04-10 16:39:55.765  INFO 17840 --- [restartedMain] .d.s.w.r.o.CachingOperationNameGenerator : Generating unique operation named: insertUsingPOST_2
2022-04-10 16:39:55.766  INFO 17840 --- [restartedMain] .d.s.w.r.o.CachingOperationNameGenerator : Generating unique operation named: updateUsingPUT_1
2022-04-10 16:39:55.788  INFO 17840 --- [restartedMain] .d.s.w.r.o.CachingOperationNameGenerator : Generating unique operation named: deleteUsingDELETE_3
2022-04-10 16:39:55.791  INFO 17840 --- [restartedMain] .d.s.w.r.o.CachingOperationNameGenerator : Generating unique operation named: findInfoUsingGET_1
2022-04-10 16:39:55.792  INFO 17840 --- [restartedMain] .d.s.w.r.o.CachingOperationNameGenerator : Generating unique operation named: findPageUsingPOST_3
2022-04-10 16:39:55.794  INFO 17840 --- [restartedMain] .d.s.w.r.o.CachingOperationNameGenerator : Generating unique operation named: deleteUsingDELETE_4
2022-04-10 16:39:55.795  INFO 17840 --- [restartedMain] .d.s.w.r.o.CachingOperationNameGenerator : Generating unique operation named: findAllUsingGET_1
2022-04-10 16:39:55.796  INFO 17840 --- [restartedMain] .d.s.w.r.o.CachingOperationNameGenerator : Generating unique operation named: findPageUsingPOST_4
2022-04-10 16:39:55.796  INFO 17840 --- [restartedMain] .d.s.w.r.o.CachingOperationNameGenerator : Generating unique operation named: insertUsingPOST_3
2022-04-10 16:39:55.798  INFO 17840 --- [restartedMain] .d.s.w.r.o.CachingOperationNameGenerator : Generating unique operation named: updateUsingPUT_2
2022-04-10 16:39:55.800  INFO 17840 --- [restartedMain] .d.s.w.r.o.CachingOperationNameGenerator : Generating unique operation named: deleteUsingDELETE_5
2022-04-10 16:39:55.801  INFO 17840 --- [restartedMain] .d.s.w.r.o.CachingOperationNameGenerator : Generating unique operation named: findAllUsingGET_2
2022-04-10 16:39:55.803  INFO 17840 --- [restartedMain] .d.s.w.r.o.CachingOperationNameGenerator : Generating unique operation named: findPageUsingPOST_5
2022-04-10 16:39:55.804  INFO 17840 --- [restartedMain] .d.s.w.r.o.CachingOperationNameGenerator : Generating unique operation named: insertUsingPOST_4
2022-04-10 16:39:55.806  INFO 17840 --- [restartedMain] .d.s.w.r.o.CachingOperationNameGenerator : Generating unique operation named: updateUsingPUT_3
2022-04-10 16:39:55.807  INFO 17840 --- [restartedMain] .d.s.w.r.o.CachingOperationNameGenerator : Generating unique operation named: deleteUsingDELETE_6
2022-04-10 16:39:55.809  INFO 17840 --- [restartedMain] .d.s.w.r.o.CachingOperationNameGenerator : Generating unique operation named: findPageUsingPOST_6
2022-04-10 16:39:55.813  INFO 17840 --- [restartedMain] .d.s.w.r.o.CachingOperationNameGenerator : Generating unique operation named: insertUsingPOST_5
2022-04-10 16:39:55.815  INFO 17840 --- [restartedMain] .d.s.w.r.o.CachingOperationNameGenerator : Generating unique operation named: updateUsingPUT_4
2022-04-10 16:39:55.843  INFO 17840 --- [restartedMain] .d.s.w.r.o.CachingOperationNameGenerator : Generating unique operation named: deleteUsingDELETE_7
2022-04-10 16:39:55.844  INFO 17840 --- [restartedMain] .d.s.w.r.o.CachingOperationNameGenerator : Generating unique operation named: findPageUsingPOST_7
2022-04-10 16:39:55.846  INFO 17840 --- [restartedMain] .d.s.w.r.o.CachingOperationNameGenerator : Generating unique operation named: insertUsingPOST_6
2022-04-10 16:39:55.852  INFO 17840 --- [restartedMain] .d.s.w.r.o.CachingOperationNameGenerator : Generating unique operation named: updateUsingPUT_5
2022-04-10 16:39:55.872  INFO 17840 --- [restartedMain] com.lt.health.PersonalHealthApplication  : Started PersonalHealthApplication in 10.578 seconds (JVM running for 13.901)
2022-04-10 16:46:30.884  INFO 6528 --- [restartedMain] com.lt.health.PersonalHealthApplication  : Starting PersonalHealthApplication using Java 1.8.0_301 on LAPTOP-CV4IFMGA with PID 6528 (D:\javaProject2\myJava\personalHealth\target\classes started by 腾腾 in D:\javaProject2\myJava\personalHealth)
2022-04-10 16:46:30.886  INFO 6528 --- [restartedMain] com.lt.health.PersonalHealthApplication  : The following profiles are active: dev
2022-04-10 16:46:30.959  INFO 6528 --- [restartedMain] o.s.b.devtools.restart.ChangeableUrls    : The Class-Path manifest attribute in D:\Program Files\my_java\maven_repository\com\sun\xml\bind\jaxb-core\2.3.0\jaxb-core-2.3.0.jar referenced one or more files that do not exist: file:/D:/Program%20Files/my_java/maven_repository/com/sun/xml/bind/jaxb-core/2.3.0/jaxb-api.jar
2022-04-10 16:46:30.960  INFO 6528 --- [restartedMain] o.s.b.devtools.restart.ChangeableUrls    : The Class-Path manifest attribute in D:\Program Files\my_java\maven_repository\com\sun\xml\bind\jaxb-impl\2.3.0\jaxb-impl-2.3.0.jar referenced one or more files that do not exist: file:/D:/Program%20Files/my_java/maven_repository/com/sun/xml/bind/jaxb-impl/2.3.0/jaxb-core.jar
2022-04-10 16:46:30.960  INFO 6528 --- [restartedMain] .e.DevToolsPropertyDefaultsPostProcessor : Devtools property defaults active! Set 'spring.devtools.add-properties' to 'false' to disable
2022-04-10 16:46:30.961  INFO 6528 --- [restartedMain] .e.DevToolsPropertyDefaultsPostProcessor : For additional web related logging consider setting the 'logging.level.web' property to 'DEBUG'
2022-04-10 16:46:32.204  INFO 6528 --- [restartedMain] .s.d.r.c.RepositoryConfigurationDelegate : Multiple Spring Data modules found, entering strict repository configuration mode!
2022-04-10 16:46:32.207  INFO 6528 --- [restartedMain] .s.d.r.c.RepositoryConfigurationDelegate : Bootstrapping Spring Data Redis repositories in DEFAULT mode.
2022-04-10 16:46:32.250  INFO 6528 --- [restartedMain] .s.d.r.c.RepositoryConfigurationDelegate : Finished Spring Data repository scanning in 24 ms. Found 0 Redis repository interfaces.
2022-04-10 16:46:32.827  INFO 6528 --- [restartedMain] trationDelegate$BeanPostProcessorChecker : Bean 'org.springframework.security.access.expression.method.DefaultMethodSecurityExpressionHandler@254956d0' of type [org.springframework.security.access.expression.method.DefaultMethodSecurityExpressionHandler] is not eligible for getting processed by all BeanPostProcessors (for example: not eligible for auto-proxying)
2022-04-10 16:46:32.834  INFO 6528 --- [restartedMain] trationDelegate$BeanPostProcessorChecker : Bean 'methodSecurityMetadataSource' of type [org.springframework.security.access.method.DelegatingMethodSecurityMetadataSource] is not eligible for getting processed by all BeanPostProcessors (for example: not eligible for auto-proxying)
2022-04-10 16:46:33.514  INFO 6528 --- [restartedMain] o.s.b.w.embedded.tomcat.TomcatWebServer  : Tomcat initialized with port(s): 8000 (http)
2022-04-10 16:46:33.523  INFO 6528 --- [restartedMain] o.apache.catalina.core.StandardService   : Starting service [Tomcat]
2022-04-10 16:46:33.523  INFO 6528 --- [restartedMain] org.apache.catalina.core.StandardEngine  : Starting Servlet engine: [Apache Tomcat/9.0.48]
2022-04-10 16:46:33.627  INFO 6528 --- [restartedMain] o.a.c.c.C.[Tomcat].[localhost].[/]       : Initializing Spring embedded WebApplicationContext
2022-04-10 16:46:33.627  INFO 6528 --- [restartedMain] w.s.c.ServletWebServerApplicationContext : Root WebApplicationContext: initialization completed in 2665 ms
2022-04-10 16:46:34.218  WARN 6528 --- [restartedMain] c.b.m.core.injector.DefaultSqlInjector   : class com.lt.health.entity.RolesMenus ,Not found @TableId annotation, Cannot use Mybatis-Plus 'xxById' Method.
2022-04-10 16:46:34.236  WARN 6528 --- [restartedMain] c.b.m.core.injector.DefaultSqlInjector   : class com.lt.health.entity.RolesPermissions ,Not found @TableId annotation, Cannot use Mybatis-Plus 'xxById' Method.
2022-04-10 16:46:34.294  WARN 6528 --- [restartedMain] c.b.m.core.injector.DefaultSqlInjector   : class com.lt.health.entity.UserRoles ,Not found @TableId annotation, Cannot use Mybatis-Plus 'xxById' Method.
2022-04-10 16:46:34.312  WARN 6528 --- [restartedMain] c.b.m.core.injector.DefaultSqlInjector   : class com.lt.health.entity.WxRun ,Not found @TableId annotation, Cannot use Mybatis-Plus 'xxById' Method.
2022-04-10 16:46:37.325  INFO 6528 --- [restartedMain] pertySourcedRequestMappingHandlerMapping : Mapped URL path [/v2/api-docs] onto method [springfox.documentation.swagger2.web.Swagger2Controller#getDocumentation(String, HttpServletRequest)]
2022-04-10 16:46:37.635  INFO 6528 --- [restartedMain] o.s.s.web.DefaultSecurityFilterChain     : Will secure Mvc [pattern='/user/login'] with []
2022-04-10 16:46:37.635  INFO 6528 --- [restartedMain] o.s.s.web.DefaultSecurityFilterChain     : Will secure Mvc [pattern='/user/logout'] with []
2022-04-10 16:46:37.635  INFO 6528 --- [restartedMain] o.s.s.web.DefaultSecurityFilterChain     : Will secure Mvc [pattern='/oauth/**'] with []
2022-04-10 16:46:37.635  INFO 6528 --- [restartedMain] o.s.s.web.DefaultSecurityFilterChain     : Will secure Mvc [pattern='/captchaImage'] with []
2022-04-10 16:46:37.635  INFO 6528 --- [restartedMain] o.s.s.web.DefaultSecurityFilterChain     : Will secure Mvc [pattern='/favicon.ico'] with []
2022-04-10 16:46:37.635  INFO 6528 --- [restartedMain] o.s.s.web.DefaultSecurityFilterChain     : Will secure Mvc [pattern='/swagger-ui.html'] with []
2022-04-10 16:46:37.636  INFO 6528 --- [restartedMain] o.s.s.web.DefaultSecurityFilterChain     : Will secure Mvc [pattern='/doc.html'] with []
2022-04-10 16:46:37.636  INFO 6528 --- [restartedMain] o.s.s.web.DefaultSecurityFilterChain     : Will secure Mvc [pattern='/webjars/**'] with []
2022-04-10 16:46:37.636  INFO 6528 --- [restartedMain] o.s.s.web.DefaultSecurityFilterChain     : Will secure Mvc [pattern='/swagger-resources/**'] with []
2022-04-10 16:46:37.636  INFO 6528 --- [restartedMain] o.s.s.web.DefaultSecurityFilterChain     : Will secure Mvc [pattern='/v2/**'] with []
2022-04-10 16:46:37.636  INFO 6528 --- [restartedMain] o.s.s.web.DefaultSecurityFilterChain     : Will secure Mvc [pattern='/configuration/ui'] with []
2022-04-10 16:46:37.636  INFO 6528 --- [restartedMain] o.s.s.web.DefaultSecurityFilterChain     : Will secure Mvc [pattern='/configuration/security'] with []
2022-04-10 16:46:37.636  INFO 6528 --- [restartedMain] o.s.s.web.DefaultSecurityFilterChain     : Will secure Mvc [pattern='/tool/forget/password'] with []
2022-04-10 16:46:37.636  INFO 6528 --- [restartedMain] o.s.s.web.DefaultSecurityFilterChain     : Will secure Mvc [pattern='/tool/sms'] with []
2022-04-10 16:46:37.636  INFO 6528 --- [restartedMain] o.s.s.web.DefaultSecurityFilterChain     : Will secure Mvc [pattern='/user/sms/login'] with []
2022-04-10 16:46:37.636  INFO 6528 --- [restartedMain] o.s.s.web.DefaultSecurityFilterChain     : Will secure Mvc [pattern='/goods/batchExport'] with []
2022-04-10 16:46:37.636  INFO 6528 --- [restartedMain] o.s.s.web.DefaultSecurityFilterChain     : Will secure Mvc [pattern='/mini/login'] with []
2022-04-10 16:46:37.670  INFO 6528 --- [restartedMain] o.s.s.web.DefaultSecurityFilterChain     : Will secure any request with [org.springframework.security.web.context.request.async.WebAsyncManagerIntegrationFilter@3f4d14a8, org.springframework.security.web.context.SecurityContextPersistenceFilter@2e666e3e, org.springframework.security.web.header.HeaderWriterFilter@87717c7, org.springframework.security.web.authentication.logout.LogoutFilter@6e241cf2, com.lt.health.config.security.filter.JwtAuthenticationFilter@6b197227, org.springframework.security.web.savedrequest.RequestCacheAwareFilter@e0659a4, org.springframework.security.web.servletapi.SecurityContextHolderAwareRequestFilter@69991a6e, org.springframework.security.web.authentication.AnonymousAuthenticationFilter@1bfa4d98, org.springframework.security.web.session.SessionManagementFilter@d79e8a3, org.springframework.security.web.access.ExceptionTranslationFilter@2be82dd3, org.springframework.security.web.access.intercept.FilterSecurityInterceptor@2dd72ff1]
2022-04-10 16:46:37.781  INFO 6528 --- [restartedMain] o.s.b.d.a.OptionalLiveReloadServer       : LiveReload server is running on port 35729
2022-04-10 16:46:39.069  INFO 6528 --- [restartedMain] o.s.b.w.embedded.tomcat.TomcatWebServer  : Tomcat started on port(s): 8000 (http) with context path ''
2022-04-10 16:46:39.070  INFO 6528 --- [restartedMain] d.s.w.p.DocumentationPluginsBootstrapper : Context refreshed
2022-04-10 16:46:39.359  INFO 6528 --- [restartedMain] d.s.w.p.DocumentationPluginsBootstrapper : Found 1 custom documentation plugin(s)
2022-04-10 16:46:39.398  INFO 6528 --- [restartedMain] s.d.s.w.s.ApiListingReferenceScanner     : Scanning for api listing references
2022-04-10 16:46:39.543  INFO 6528 --- [restartedMain] .d.s.w.r.o.CachingOperationNameGenerator : Generating unique operation named: batchImportUsingPOST_1
2022-04-10 16:46:39.544  INFO 6528 --- [restartedMain] .d.s.w.r.o.CachingOperationNameGenerator : Generating unique operation named: deleteUsingDELETE_1
2022-04-10 16:46:39.546  INFO 6528 --- [restartedMain] .d.s.w.r.o.CachingOperationNameGenerator : Generating unique operation named: findPageUsingPOST_1
2022-04-10 16:46:39.552  INFO 6528 --- [restartedMain] .d.s.w.r.o.CachingOperationNameGenerator : Generating unique operation named: insertUsingPOST_1
2022-04-10 16:46:39.556  INFO 6528 --- [restartedMain] .d.s.w.r.o.CachingOperationNameGenerator : Generating unique operation named: deleteUsingDELETE_2
2022-04-10 16:46:39.557  INFO 6528 --- [restartedMain] .d.s.w.r.o.CachingOperationNameGenerator : Generating unique operation named: findPageUsingPOST_2
2022-04-10 16:46:39.562  INFO 6528 --- [restartedMain] .d.s.w.r.o.CachingOperationNameGenerator : Generating unique operation named: insertUsingPOST_2
2022-04-10 16:46:39.563  INFO 6528 --- [restartedMain] .d.s.w.r.o.CachingOperationNameGenerator : Generating unique operation named: updateUsingPUT_1
2022-04-10 16:46:39.586  INFO 6528 --- [restartedMain] .d.s.w.r.o.CachingOperationNameGenerator : Generating unique operation named: deleteUsingDELETE_3
2022-04-10 16:46:39.589  INFO 6528 --- [restartedMain] .d.s.w.r.o.CachingOperationNameGenerator : Generating unique operation named: findInfoUsingGET_1
2022-04-10 16:46:39.591  INFO 6528 --- [restartedMain] .d.s.w.r.o.CachingOperationNameGenerator : Generating unique operation named: findPageUsingPOST_3
2022-04-10 16:46:39.592  INFO 6528 --- [restartedMain] .d.s.w.r.o.CachingOperationNameGenerator : Generating unique operation named: deleteUsingDELETE_4
2022-04-10 16:46:39.594  INFO 6528 --- [restartedMain] .d.s.w.r.o.CachingOperationNameGenerator : Generating unique operation named: findAllUsingGET_1
2022-04-10 16:46:39.596  INFO 6528 --- [restartedMain] .d.s.w.r.o.CachingOperationNameGenerator : Generating unique operation named: findPageUsingPOST_4
2022-04-10 16:46:39.598  INFO 6528 --- [restartedMain] .d.s.w.r.o.CachingOperationNameGenerator : Generating unique operation named: insertUsingPOST_3
2022-04-10 16:46:39.599  INFO 6528 --- [restartedMain] .d.s.w.r.o.CachingOperationNameGenerator : Generating unique operation named: updateUsingPUT_2
2022-04-10 16:46:39.602  INFO 6528 --- [restartedMain] .d.s.w.r.o.CachingOperationNameGenerator : Generating unique operation named: deleteUsingDELETE_5
2022-04-10 16:46:39.603  INFO 6528 --- [restartedMain] .d.s.w.r.o.CachingOperationNameGenerator : Generating unique operation named: findAllUsingGET_2
2022-04-10 16:46:39.605  INFO 6528 --- [restartedMain] .d.s.w.r.o.CachingOperationNameGenerator : Generating unique operation named: findPageUsingPOST_5
2022-04-10 16:46:39.608  INFO 6528 --- [restartedMain] .d.s.w.r.o.CachingOperationNameGenerator : Generating unique operation named: insertUsingPOST_4
2022-04-10 16:46:39.610  INFO 6528 --- [restartedMain] .d.s.w.r.o.CachingOperationNameGenerator : Generating unique operation named: updateUsingPUT_3
2022-04-10 16:46:39.612  INFO 6528 --- [restartedMain] .d.s.w.r.o.CachingOperationNameGenerator : Generating unique operation named: deleteUsingDELETE_6
2022-04-10 16:46:39.613  INFO 6528 --- [restartedMain] .d.s.w.r.o.CachingOperationNameGenerator : Generating unique operation named: findPageUsingPOST_6
2022-04-10 16:46:39.617  INFO 6528 --- [restartedMain] .d.s.w.r.o.CachingOperationNameGenerator : Generating unique operation named: insertUsingPOST_5
2022-04-10 16:46:39.619  INFO 6528 --- [restartedMain] .d.s.w.r.o.CachingOperationNameGenerator : Generating unique operation named: updateUsingPUT_4
2022-04-10 16:46:39.648  INFO 6528 --- [restartedMain] .d.s.w.r.o.CachingOperationNameGenerator : Generating unique operation named: deleteUsingDELETE_7
2022-04-10 16:46:39.649  INFO 6528 --- [restartedMain] .d.s.w.r.o.CachingOperationNameGenerator : Generating unique operation named: findPageUsingPOST_7
2022-04-10 16:46:39.651  INFO 6528 --- [restartedMain] .d.s.w.r.o.CachingOperationNameGenerator : Generating unique operation named: insertUsingPOST_6
2022-04-10 16:46:39.656  INFO 6528 --- [restartedMain] .d.s.w.r.o.CachingOperationNameGenerator : Generating unique operation named: updateUsingPUT_5
2022-04-10 16:46:39.679  INFO 6528 --- [restartedMain] com.lt.health.PersonalHealthApplication  : Started PersonalHealthApplication in 9.44 seconds (JVM running for 12.102)
2022-04-10 16:46:45.632  INFO 6528 --- [http-nio-8000-exec-1] o.a.c.c.C.[Tomcat].[localhost].[/]       : Initializing Spring DispatcherServlet 'dispatcherServlet'
2022-04-10 16:46:45.632  INFO 6528 --- [http-nio-8000-exec-1] o.s.web.servlet.DispatcherServlet        : Initializing Servlet 'dispatcherServlet'
2022-04-10 16:46:45.634  INFO 6528 --- [http-nio-8000-exec-1] o.s.web.servlet.DispatcherServlet        : Completed initialization in 2 ms
2022-04-10 16:46:47.395  INFO 6528 --- [http-nio-8000-exec-1] com.zaxxer.hikari.HikariDataSource       : HikariPool-1 - Starting...
2022-04-10 16:46:47.574  INFO 6528 --- [http-nio-8000-exec-1] com.zaxxer.hikari.HikariDataSource       : HikariPool-1 - Start completed.
2022-04-10 16:46:48.137  INFO 6528 --- [http-nio-8000-exec-1] c.l.health.controller.CaptchaController  : 验证码为：9*8=?
2022-04-10 16:46:48.137  INFO 6528 --- [http-nio-8000-exec-1] c.l.health.controller.CaptchaController  : 结果为：72
2022-04-10 16:51:15.678  INFO 6528 --- [SpringApplicationShutdownHook] com.zaxxer.hikari.HikariDataSource       : HikariPool-1 - Shutdown initiated...
2022-04-10 16:51:15.691  INFO 6528 --- [SpringApplicationShutdownHook] com.zaxxer.hikari.HikariDataSource       : HikariPool-1 - Shutdown completed.
